c:\users\gamal\onedrive\documentos\academia\graficas computacionales i version 2\plantilla proyecto final\gci plantilla 1.1\gci plantilla 1.0\gci plantilla1.0\debug\vc143.pdb
c:\users\gamal\onedrive\documentos\academia\graficas computacionales i version 2\plantilla proyecto final\gci plantilla 1.1\gci plantilla 1.0\gci plantilla1.0\debug\vc143.idb
c:\users\gamal\onedrive\documentos\academia\graficas computacionales i version 2\plantilla proyecto final\gci plantilla 1.1\gci plantilla 1.0\gci plantilla1.0\debug\triangle.obj
c:\users\gamal\onedrive\documentos\academia\graficas computacionales i version 2\plantilla proyecto final\gci plantilla 1.1\gci plantilla 1.0\gci plantilla1.0\debug\timerclass.obj
c:\users\gamal\onedrive\documentos\academia\graficas computacionales i version 2\plantilla proyecto final\gci plantilla 1.1\gci plantilla 1.0\gci plantilla1.0\debug\shader.obj
c:\users\gamal\onedrive\documentos\academia\graficas computacionales i version 2\plantilla proyecto final\gci plantilla 1.1\gci plantilla 1.0\gci plantilla1.0\debug\scene.obj
c:\users\gamal\onedrive\documentos\academia\graficas computacionales i version 2\plantilla proyecto final\gci plantilla 1.1\gci plantilla 1.0\gci plantilla1.0\debug\openglclass.obj
c:\users\gamal\onedrive\documentos\academia\graficas computacionales i version 2\plantilla proyecto final\gci plantilla 1.1\gci plantilla 1.0\gci plantilla1.0\debug\model.obj
c:\users\gamal\onedrive\documentos\academia\graficas computacionales i version 2\plantilla proyecto final\gci plantilla 1.1\gci plantilla 1.0\gci plantilla1.0\debug\main.obj
c:\users\gamal\onedrive\documentos\academia\graficas computacionales i version 2\plantilla proyecto final\gci plantilla 1.1\gci plantilla 1.0\gci plantilla1.0\debug\lightclass.obj
c:\users\gamal\onedrive\documentos\academia\graficas computacionales i version 2\plantilla proyecto final\gci plantilla 1.1\gci plantilla 1.0\gci plantilla1.0\debug\inputclass.obj
c:\users\gamal\onedrive\documentos\academia\graficas computacionales i version 2\plantilla proyecto final\gci plantilla 1.1\gci plantilla 1.0\gci plantilla1.0\debug\gamelogic.obj
c:\users\gamal\onedrive\documentos\academia\graficas computacionales i version 2\plantilla proyecto final\gci plantilla 1.1\gci plantilla 1.0\gci plantilla1.0\debug\gameobject.obj
c:\users\gamal\onedrive\documentos\academia\graficas computacionales i version 2\plantilla proyecto final\gci plantilla 1.1\gci plantilla 1.0\gci plantilla1.0\debug\cameraclass.obj
c:\users\gamal\onedrive\documentos\academia\graficas computacionales i version 2\plantilla proyecto final\gci plantilla 1.1\gci plantilla 1.0\gci plantilla1.0\debug\gamepad.obj
c:\users\gamal\onedrive\documentos\academia\graficas computacionales i version 2\plantilla proyecto final\gci plantilla 1.1\gci plantilla 1.0\debug\gci plantilla 1.0.lib
c:\users\gamal\onedrive\documentos\academia\graficas computacionales i version 2\plantilla proyecto final\gci plantilla 1.1\gci plantilla 1.0\debug\gci plantilla 1.0.exp
c:\users\gamal\onedrive\documentos\academia\graficas computacionales i version 2\plantilla proyecto final\gci plantilla 1.1\gci plantilla 1.0\debug\gci plantilla 1.0.exe
c:\users\gamal\onedrive\documentos\academia\graficas computacionales i version 2\plantilla proyecto final\gci plantilla 1.1\gci plantilla 1.0\gci plantilla1.0\debug\gci plantilla 1.0.ilk
c:\users\gamal\onedrive\documentos\academia\graficas computacionales i version 2\plantilla proyecto final\gci plantilla 1.1\gci plantilla 1.0\debug\gci plantilla 1.0.pdb
c:\users\gamal\onedrive\documentos\academia\graficas computacionales i version 2\plantilla proyecto final\gci plantilla 1.1\gci plantilla 1.0\gci plantilla1.0\debug\gameobject.obj.enc
c:\users\gamal\onedrive\documentos\academia\graficas computacionales i version 2\plantilla proyecto final\gci plantilla 1.1\gci plantilla 1.0\gci plantilla1.0\debug\scene.obj.enc
c:\users\gamal\onedrive\documentos\academia\graficas computacionales i version 2\plantilla proyecto final\gci plantilla 1.1\gci plantilla 1.0\gci plantilla1.0\debug\gci plan.dccd4ade.tlog\cl.command.1.tlog
c:\users\gamal\onedrive\documentos\academia\graficas computacionales i version 2\plantilla proyecto final\gci plantilla 1.1\gci plantilla 1.0\gci plantilla1.0\debug\gci plan.dccd4ade.tlog\cl.read.1.tlog
c:\users\gamal\onedrive\documentos\academia\graficas computacionales i version 2\plantilla proyecto final\gci plantilla 1.1\gci plantilla 1.0\gci plantilla1.0\debug\gci plan.dccd4ade.tlog\cl.write.1.tlog
c:\users\gamal\onedrive\documentos\academia\graficas computacionales i version 2\plantilla proyecto final\gci plantilla 1.1\gci plantilla 1.0\gci plantilla1.0\debug\gci plan.dccd4ade.tlog\link.command.1.tlog
c:\users\gamal\onedrive\documentos\academia\graficas computacionales i version 2\plantilla proyecto final\gci plantilla 1.1\gci plantilla 1.0\gci plantilla1.0\debug\gci plan.dccd4ade.tlog\link.read.1.tlog
c:\users\gamal\onedrive\documentos\academia\graficas computacionales i version 2\plantilla proyecto final\gci plantilla 1.1\gci plantilla 1.0\gci plantilla1.0\debug\gci plan.dccd4ade.tlog\link.write.1.tlog
c:\users\gamal\onedrive\documentos\academia\graficas computacionales i version 2\plantilla proyecto final\gci plantilla 1.1\gci plantilla 1.0\gci plantilla1.0\debug\gci plan.dccd4ade.tlog\link.write.2u.tlog
